{"level":"error","message":"Mensaje ERROR"}
{"level":"error","message":"Mensaje ERROR"}
{"level":"error","message":"Mensaje ERROR"}
{"level":"error","message":"Error interno del servidor al renderizar el carrito"}
{"level":"error","view":{"defaultEngine":"handlebars","ext":".handlebars","name":"sendconfirm","root":"./src/views"}}
{"level":"error","view":{"defaultEngine":"handlebars","ext":".handlebars","name":"sendconfirm","root":"./src/views"}}
{"level":"error","view":{"defaultEngine":"handlebars","ext":".handlebars","name":"sendconfirm","root":"./src/views"}}
{"level":"error","view":{"defaultEngine":"handlebars","ext":".handlebars","name":"sendconfirm","root":"./src/views"}}
{"level":"error","message":"Missing helper: \"eq\"","name":"Error"}
{"level":"error","message":"Missing helper: \"eq\"","name":"Error"}
{"level":"error","message":"Missing helper: \"eq\"","name":"Error"}
{"level":"error","message":"Missing helper: \"eq\"","name":"Error"}
{"level":"error","message":"Missing helper: \"eq\"","name":"Error"}
{"level":"error","message":"Missing helper: \"eq\"","name":"Error"}
{"level":"error","message":"Missing helper: \"eq\"","name":"Error"}
{"level":"error","message":"Missing helper: \"eq\"","name":"Error"}
{"level":"error","message":"Missing helper: \"eq\"","name":"Error"}
{"level":"error","message":"Missing helper: \"eq\"","name":"Error"}
{"level":"error","message":"Missing helper: \"eq\"","name":"Error"}
{"level":"error","message":"Missing helper: \"eq\"","name":"Error"}
{"level":"error","message":"Missing helper: \"eq\"","name":"Error"}
{"column":7,"endColumn":11,"endLineNumber":5,"level":"error","lineNumber":5,"message":"each doesn't match if - 5:7","name":"Error"}
{"column":15,"endColumn":21,"endLineNumber":23,"level":"error","lineNumber":23,"message":"unless doesn't match if - 23:15","name":"Error"}
{"level":"error","message":"Error del servidor. Fallo al agregar el producto al carrito"}
{"level":"error","message":"Error interno del servidor al renderizar el carrito"}
{"level":"error","message":"Socket.IO no está definido en req"}
{"level":"error","message":"Fallo al agregar producto"}
{"level":"error","message":"Fallo al agregar producto"}
{"level":"error","message":"Fallo al agregar producto"}
{"level":"error","message":"Socket.IO no está definido en req"}
{"level":"error","message":"Fallo al agregar producto"}
{"level":"error","message":"Fallo al agregar producto"}
{"level":"error","message":"Fallo al agregar producto"}
{"level":"error","message":"Socket.IO no está definido en req"}
{"level":"error","message":"Socket.IO no está definido en req"}
{"level":"error","message":"Socket.IO no está definido en req"}
{"level":"error","message":"Fallo al obtener producto"}
{"level":"error","message":"Socket.IO no está definido en req"}
{"level":"error","message":"Fallo al obtener producto"}
{"level":"error","message":"Socket.IO no está definido en req"}
{"level":"error","message":"Fallo al obtener producto"}
{"level":"error","message":"Socket.IO no está definido en req"}
{"level":"error","message":"Fallo al obtener producto"}
{"level":"error","message":"Socket.IO no está definido en req"}
{"level":"error","message":"Fallo al obtener producto"}
{"level":"error","message":"Socket.IO no está definido en req"}
{"level":"error","message":"Fallo al obtener producto"}
{"level":"error","message":"Socket.IO no está definido en req"}
{"level":"error","message":"Socket.IO no está definido en req"}
{"level":"error","message":"Socket.IO no está definido en req"}
{"level":"error","message":"Socket.IO no está definido en req"}
{"level":"error","message":"Socket.IO no está definido en req"}
{"level":"error","message":"Socket.IO no está definido en req"}
{"level":"error","message":"Socket.IO no está definido en req"}
{"level":"error","message":"Fallo al obtener producto"}
{"level":"error","message":"Socket.IO no está definido en req"}
{"level":"error","message":"Fallo al obtener producto"}
{"level":"error","message":"Socket.IO no está definido en req"}
{"level":"error","message":"Socket.IO no está definido en req"}
{"level":"error","message":"Socket.IO no está definido en req"}
{"level":"error","message":"Socket.IO no está definido en req"}
{"level":"error","message":"Socket.IO no está definido en req"}
{"level":"error","message":"Fallo al agregar producto"}
{"level":"error","message":"Fallo al agregar producto"}
{"level":"error","message":"Socket.IO no está definido en req"}
{"level":"error","message":"Socket.IO no está definido en req"}
{"level":"error","message":"Socket.IO no está definido en req"}
{"level":"error","message":"Fallo al agregar producto"}
{"level":"error","message":"Fallo al actualizar producto"}
{"level":"error","message":"Fallo al eliminar producto"}
{"level":"error","message":"Socket.IO no está definido en req"}
{"level":"error","message":"Socket.IO no está definido en req"}
{"level":"error","message":"Fallo al agregar producto"}
{"level":"error","message":"Fallo al actualizar producto"}
{"level":"error","message":"Fallo al eliminar producto"}
{"level":"error","message":"Socket.IO no está definido en req"}
{"level":"error","message":"Error emitting update event Cannot read properties of undefined (reading 'emit')","stack":"TypeError: Cannot read properties of undefined (reading 'emit')\n    at ProductController.updateProduct (file:///Users/federicotorres/Backend-course/backend-course/Desafio%20Complementario%202/src/controllers/product.controller.js:106:28)\n    at process.processTicksAndRejections (node:internal/process/task_queues:95:5)"}
{"level":"error","message":"Socket.IO no está definido en req"}
{"level":"error","message":"Error emitting update event Cannot read properties of undefined (reading 'emit')","stack":"TypeError: Cannot read properties of undefined (reading 'emit')\n    at ProductController.updateProduct (file:///Users/federicotorres/Backend-course/backend-course/Desafio%20Complementario%202/src/controllers/product.controller.js:106:28)\n    at process.processTicksAndRejections (node:internal/process/task_queues:95:5)"}
{"level":"error","message":"Socket.IO no está definido en req"}
{"level":"error","message":"Error emitting update event Cannot read properties of undefined (reading 'emit')","stack":"TypeError: Cannot read properties of undefined (reading 'emit')\n    at ProductController.updateProduct (file:///Users/federicotorres/Backend-course/backend-course/Desafio%20Complementario%202/src/controllers/product.controller.js:106:28)\n    at process.processTicksAndRejections (node:internal/process/task_queues:95:5)"}
{"level":"error","message":"Socket.IO no está definido en req"}
{"level":"error","message":"Fallo al agregar producto"}
{"level":"error","message":"Error emitting update event Cannot read properties of undefined (reading 'emit')","stack":"TypeError: Cannot read properties of undefined (reading 'emit')\n    at ProductController.updateProduct (file:///Users/federicotorres/Backend-course/backend-course/Desafio%20Complementario%202/src/controllers/product.controller.js:106:28)\n    at process.processTicksAndRejections (node:internal/process/task_queues:95:5)"}
{"level":"error","message":"Fallo al agregar producto"}
{"level":"error","message":"Socket.IO no está definido en req"}
{"level":"error","message":"Error emitting update event Cannot read properties of undefined (reading 'emit')","stack":"TypeError: Cannot read properties of undefined (reading 'emit')\n    at ProductController.updateProduct (file:///Users/federicotorres/Backend-course/backend-course/Desafio%20Complementario%202/src/controllers/product.controller.js:115:28)\n    at process.processTicksAndRejections (node:internal/process/task_queues:95:5)"}
{"level":"error","message":"Socket.IO no está definido en req"}
{"level":"error","message":"Error emitting update event Cannot read properties of undefined (reading 'emit')","stack":"TypeError: Cannot read properties of undefined (reading 'emit')\n    at ProductController.updateProduct (file:///Users/federicotorres/Backend-course/backend-course/Desafio%20Complementario%202/src/controllers/product.controller.js:115:28)\n    at process.processTicksAndRejections (node:internal/process/task_queues:95:5)"}
{"level":"error","message":"Socket.IO no está definido en req"}
{"level":"error","message":"Error emitting update event Cannot read properties of undefined (reading 'emit')","stack":"TypeError: Cannot read properties of undefined (reading 'emit')\n    at ProductController.updateProduct (file:///Users/federicotorres/Backend-course/backend-course/Desafio%20Complementario%202/src/controllers/product.controller.js:115:28)\n    at process.processTicksAndRejections (node:internal/process/task_queues:95:5)"}
{"level":"error","message":"Socket.IO no está definido en req"}
{"level":"error","message":"Error emitting update event Cannot read properties of undefined (reading 'emit')","stack":"TypeError: Cannot read properties of undefined (reading 'emit')\n    at ProductController.updateProduct (file:///Users/federicotorres/Backend-course/backend-course/Desafio%20Complementario%202/src/controllers/product.controller.js:115:28)\n    at process.processTicksAndRejections (node:internal/process/task_queues:95:5)"}
{"level":"error","message":"Error del servidor al buscar carrito especificado"}
{"level":"error","message":"Socket.IO no está definido en req"}
{"level":"error","message":"Error emitting update event Cannot read properties of undefined (reading 'emit')","stack":"TypeError: Cannot read properties of undefined (reading 'emit')\n    at ProductController.updateProduct (file:///Users/federicotorres/Backend-course/backend-course/Desafio%20Complementario%202/src/controllers/product.controller.js:115:28)\n    at process.processTicksAndRejections (node:internal/process/task_queues:95:5)"}
{"level":"error","message":"Error del servidor al buscar carrito especificado"}
{"level":"error","message":"Error interno. Fallo al eliminar el producto del carrito"}
{"level":"error","message":"Socket.IO no está definido en req"}
{"level":"error","message":"Error emitting update event Cannot read properties of undefined (reading 'emit')","stack":"TypeError: Cannot read properties of undefined (reading 'emit')\n    at ProductController.updateProduct (file:///Users/federicotorres/Backend-course/backend-course/Desafio%20Complementario%202/src/controllers/product.controller.js:115:28)\n    at process.processTicksAndRejections (node:internal/process/task_queues:95:5)"}
{"level":"error","message":"Error del servidor al buscar carrito especificado"}
{"level":"error","message":"Error interno. Fallo al eliminar el producto del carrito"}
{"level":"error","message":"Socket.IO no está definido en req"}
{"level":"error","message":"Error emitting update event Cannot read properties of undefined (reading 'emit')","stack":"TypeError: Cannot read properties of undefined (reading 'emit')\n    at ProductController.updateProduct (file:///Users/federicotorres/Backend-course/backend-course/Desafio%20Complementario%202/src/controllers/product.controller.js:115:28)\n    at process.processTicksAndRejections (node:internal/process/task_queues:95:5)"}
{"level":"error","message":"Error del servidor al buscar carrito especificado"}
{"level":"error","message":"Socket.IO no está definido en req"}
{"level":"error","message":"Error emitting update event Cannot read properties of undefined (reading 'emit')","stack":"TypeError: Cannot read properties of undefined (reading 'emit')\n    at ProductController.updateProduct (file:///Users/federicotorres/Backend-course/backend-course/Desafio%20Complementario%202/src/controllers/product.controller.js:115:28)\n    at process.processTicksAndRejections (node:internal/process/task_queues:95:5)"}
{"level":"error","message":"Error del servidor al buscar carrito especificado"}
{"level":"error","message":"Socket.IO no está definido en req"}
{"level":"error","message":"Error emitting update event Cannot read properties of undefined (reading 'emit')","stack":"TypeError: Cannot read properties of undefined (reading 'emit')\n    at ProductController.updateProduct (file:///Users/federicotorres/Backend-course/backend-course/Desafio%20Complementario%202/src/controllers/product.controller.js:115:28)\n    at process.processTicksAndRejections (node:internal/process/task_queues:95:5)"}
{"level":"error","message":"Socket.IO no está definido en req"}
{"level":"error","message":"Error emitting update event Cannot read properties of undefined (reading 'emit')","stack":"TypeError: Cannot read properties of undefined (reading 'emit')\n    at ProductController.updateProduct (file:///Users/federicotorres/Backend-course/backend-course/Desafio%20Complementario%202/src/controllers/product.controller.js:115:28)\n    at process.processTicksAndRejections (node:internal/process/task_queues:95:5)"}
{"level":"error","message":"Socket.IO no está definido en req"}
{"level":"error","message":"Error emitting update event Cannot read properties of undefined (reading 'emit')","stack":"TypeError: Cannot read properties of undefined (reading 'emit')\n    at ProductController.updateProduct (file:///Users/federicotorres/Backend-course/backend-course/Desafio%20Complementario%202/src/controllers/product.controller.js:115:28)\n    at process.processTicksAndRejections (node:internal/process/task_queues:95:5)"}
{"level":"error","message":"Socket.IO no está definido en req"}
{"level":"error","message":"Error emitting update event Cannot read properties of undefined (reading 'emit')","stack":"TypeError: Cannot read properties of undefined (reading 'emit')\n    at ProductController.updateProduct (file:///Users/federicotorres/Backend-course/backend-course/Desafio%20Complementario%202/src/controllers/product.controller.js:115:28)\n    at process.processTicksAndRejections (node:internal/process/task_queues:95:5)"}
{"level":"error","message":"Socket.IO no está definido en req"}
{"level":"error","message":"Error emitting update event Cannot read properties of undefined (reading 'emit')","stack":"TypeError: Cannot read properties of undefined (reading 'emit')\n    at ProductController.updateProduct (file:///Users/federicotorres/Backend-course/backend-course/Desafio%20Complementario%202/src/controllers/product.controller.js:115:28)\n    at process.processTicksAndRejections (node:internal/process/task_queues:95:5)"}
{"level":"error","message":"Socket.IO no está definido en req"}
{"level":"error","message":"Error emitting update event Cannot read properties of undefined (reading 'emit')","stack":"TypeError: Cannot read properties of undefined (reading 'emit')\n    at ProductController.updateProduct (file:///Users/federicotorres/Backend-course/backend-course/Desafio%20Complementario%202/src/controllers/product.controller.js:115:28)\n    at process.processTicksAndRejections (node:internal/process/task_queues:95:5)"}
{"level":"error","message":"Socket.IO no está definido en req"}
{"level":"error","message":"Error emitting update event Cannot read properties of undefined (reading 'emit')","stack":"TypeError: Cannot read properties of undefined (reading 'emit')\n    at ProductController.updateProduct (file:///Users/federicotorres/Backend-course/backend-course/Desafio%20Complementario%202/src/controllers/product.controller.js:115:28)\n    at process.processTicksAndRejections (node:internal/process/task_queues:95:5)"}
{"level":"error","message":"Error del servidor al buscar carrito especificado"}
{"level":"error","message":"Socket.IO no está definido en req"}
{"level":"error","message":"Error emitting update event Cannot read properties of undefined (reading 'emit')","stack":"TypeError: Cannot read properties of undefined (reading 'emit')\n    at ProductController.updateProduct (file:///Users/federicotorres/Backend-course/backend-course/Desafio%20Complementario%202/src/controllers/product.controller.js:115:28)\n    at process.processTicksAndRejections (node:internal/process/task_queues:95:5)"}
{"level":"error","message":"Error del servidor al buscar carrito especificado"}
{"level":"error","message":"Socket.IO no está definido en req"}
{"level":"error","message":"Error emitting update event Cannot read properties of undefined (reading 'emit')","stack":"TypeError: Cannot read properties of undefined (reading 'emit')\n    at ProductController.updateProduct (file:///Users/federicotorres/Backend-course/backend-course/Desafio%20Complementario%202/src/controllers/product.controller.js:115:28)\n    at process.processTicksAndRejections (node:internal/process/task_queues:95:5)"}
{"level":"error","message":"Error del servidor al buscar carrito especificado Error listando elementos del carrito: No existe un carrito con id d061da43585a9e06008c553e","stack":"Error: Error listando elementos del carrito: No existe un carrito con id d061da43585a9e06008c553e\n    at CartRepository.findById (file:///Users/federicotorres/Backend-course/backend-course/Desafio%20Complementario%202/src/repositories/cart.repository.js:21:19)\n    at process.processTicksAndRejections (node:internal/process/task_queues:95:5)\n    at async CartService.getCartById (file:///Users/federicotorres/Backend-course/backend-course/Desafio%20Complementario%202/src/services/cart.service.js:18:16)\n    at async CartController.getCartById (file:///Users/federicotorres/Backend-course/backend-course/Desafio%20Complementario%202/src/controllers/cart.controller.js:40:26)"}
{"level":"error","message":"Socket.IO no está definido en req"}
{"level":"error","message":"Error emitting update event Cannot read properties of undefined (reading 'emit')","stack":"TypeError: Cannot read properties of undefined (reading 'emit')\n    at ProductController.updateProduct (file:///Users/federicotorres/Backend-course/backend-course/Desafio%20Complementario%202/src/controllers/product.controller.js:115:28)\n    at process.processTicksAndRejections (node:internal/process/task_queues:95:5)"}
{"level":"error","message":"Error del servidor al buscar carrito especificado Error listando elementos del carrito: No existe un carrito con id d061da43585a9e06008c553e","stack":"Error: Error listando elementos del carrito: No existe un carrito con id d061da43585a9e06008c553e\n    at CartRepository.findById (file:///Users/federicotorres/Backend-course/backend-course/Desafio%20Complementario%202/src/repositories/cart.repository.js:21:19)\n    at process.processTicksAndRejections (node:internal/process/task_queues:95:5)\n    at async CartService.getCartById (file:///Users/federicotorres/Backend-course/backend-course/Desafio%20Complementario%202/src/services/cart.service.js:18:16)\n    at async CartController.getCartById (file:///Users/federicotorres/Backend-course/backend-course/Desafio%20Complementario%202/src/controllers/cart.controller.js:40:26)"}
{"level":"error","message":"Socket.IO no está definido en req"}
{"level":"error","message":"Error emitting update event Cannot read properties of undefined (reading 'emit')","stack":"TypeError: Cannot read properties of undefined (reading 'emit')\n    at ProductController.updateProduct (file:///Users/federicotorres/Backend-course/backend-course/Desafio%20Complementario%202/src/controllers/product.controller.js:115:28)\n    at process.processTicksAndRejections (node:internal/process/task_queues:95:5)"}
{"level":"error","message":"Error del servidor al buscar carrito especificado Error listando elementos del carrito: No existe un carrito con id d061da43585a9e06008c553e","stack":"Error: Error listando elementos del carrito: No existe un carrito con id d061da43585a9e06008c553e\n    at CartRepository.findById (file:///Users/federicotorres/Backend-course/backend-course/Desafio%20Complementario%202/src/repositories/cart.repository.js:21:19)\n    at process.processTicksAndRejections (node:internal/process/task_queues:95:5)\n    at async CartService.getCartById (file:///Users/federicotorres/Backend-course/backend-course/Desafio%20Complementario%202/src/services/cart.service.js:18:16)\n    at async CartController.getCartById (file:///Users/federicotorres/Backend-course/backend-course/Desafio%20Complementario%202/src/controllers/cart.controller.js:40:26)"}
{"level":"error","message":"Socket.IO no está definido en req"}
{"level":"error","message":"Error emitting update event Cannot read properties of undefined (reading 'emit')","stack":"TypeError: Cannot read properties of undefined (reading 'emit')\n    at ProductController.updateProduct (file:///Users/federicotorres/Backend-course/backend-course/Desafio%20Complementario%202/src/controllers/product.controller.js:115:28)\n    at process.processTicksAndRejections (node:internal/process/task_queues:95:5)"}
{"level":"error","message":"Error del servidor al buscar carrito especificado Error listando elementos del carrito: No existe un carrito con id d061da43585a9e06008c553e","stack":"Error: Error listando elementos del carrito: No existe un carrito con id d061da43585a9e06008c553e\n    at CartRepository.findById (file:///Users/federicotorres/Backend-course/backend-course/Desafio%20Complementario%202/src/repositories/cart.repository.js:21:19)\n    at process.processTicksAndRejections (node:internal/process/task_queues:95:5)\n    at async CartService.getCartById (file:///Users/federicotorres/Backend-course/backend-course/Desafio%20Complementario%202/src/services/cart.service.js:18:16)\n    at async CartController.getCartById (file:///Users/federicotorres/Backend-course/backend-course/Desafio%20Complementario%202/src/controllers/cart.controller.js:40:26)"}
{"level":"error","message":"Socket.IO no está definido en req"}
{"level":"error","message":"Error emitting update event Cannot read properties of undefined (reading 'emit')","stack":"TypeError: Cannot read properties of undefined (reading 'emit')\n    at ProductController.updateProduct (file:///Users/federicotorres/Backend-course/backend-course/Desafio%20Complementario%202/src/controllers/product.controller.js:115:28)\n    at process.processTicksAndRejections (node:internal/process/task_queues:95:5)"}
{"level":"error","message":"Error del servidor al buscar carrito especificado Error listando elementos del carrito: No existe un carrito con id d061da43585a9e06008c553e","stack":"Error: Error listando elementos del carrito: No existe un carrito con id d061da43585a9e06008c553e\n    at CartRepository.findById (file:///Users/federicotorres/Backend-course/backend-course/Desafio%20Complementario%202/src/repositories/cart.repository.js:21:19)\n    at process.processTicksAndRejections (node:internal/process/task_queues:95:5)\n    at async CartService.getCartById (file:///Users/federicotorres/Backend-course/backend-course/Desafio%20Complementario%202/src/services/cart.service.js:18:16)\n    at async CartController.getCartById (file:///Users/federicotorres/Backend-course/backend-course/Desafio%20Complementario%202/src/controllers/cart.controller.js:40:26)"}
{"level":"error","message":"Socket.IO no está definido en req"}
{"level":"error","message":"Error emitting update event Cannot read properties of undefined (reading 'emit')","stack":"TypeError: Cannot read properties of undefined (reading 'emit')\n    at ProductController.updateProduct (file:///Users/federicotorres/Backend-course/backend-course/Desafio%20Complementario%202/src/controllers/product.controller.js:115:28)\n    at process.processTicksAndRejections (node:internal/process/task_queues:95:5)"}
{"level":"error","message":"Error del servidor al buscar carrito especificado Error listando elementos del carrito: No existe un carrito con id d061da43585a9e06008c553e","stack":"Error: Error listando elementos del carrito: No existe un carrito con id d061da43585a9e06008c553e\n    at CartRepository.findById (file:///Users/federicotorres/Backend-course/backend-course/Desafio%20Complementario%202/src/repositories/cart.repository.js:21:19)\n    at process.processTicksAndRejections (node:internal/process/task_queues:95:5)\n    at async CartService.getCartById (file:///Users/federicotorres/Backend-course/backend-course/Desafio%20Complementario%202/src/services/cart.service.js:18:16)\n    at async CartController.getCartById (file:///Users/federicotorres/Backend-course/backend-course/Desafio%20Complementario%202/src/controllers/cart.controller.js:40:26)"}
{"level":"error","message":"Socket.IO no está definido en req"}
{"level":"error","message":"Error emitting update event Cannot read properties of undefined (reading 'emit')","stack":"TypeError: Cannot read properties of undefined (reading 'emit')\n    at ProductController.updateProduct (file:///Users/federicotorres/Backend-course/backend-course/Desafio%20Complementario%202/src/controllers/product.controller.js:115:28)\n    at process.processTicksAndRejections (node:internal/process/task_queues:95:5)"}
{"level":"error","message":"Error del servidor al buscar carrito especificado Error listando elementos del carrito: No existe un carrito con id d061da43585a9e06008c553e","stack":"Error: Error listando elementos del carrito: No existe un carrito con id d061da43585a9e06008c553e\n    at CartRepository.findById (file:///Users/federicotorres/Backend-course/backend-course/Desafio%20Complementario%202/src/repositories/cart.repository.js:22:19)\n    at process.processTicksAndRejections (node:internal/process/task_queues:95:5)\n    at async CartService.getCartById (file:///Users/federicotorres/Backend-course/backend-course/Desafio%20Complementario%202/src/services/cart.service.js:18:16)\n    at async CartController.getCartById (file:///Users/federicotorres/Backend-course/backend-course/Desafio%20Complementario%202/src/controllers/cart.controller.js:40:26)"}
{"level":"error","message":"Socket.IO no está definido en req"}
{"level":"error","message":"Error emitting update event Cannot read properties of undefined (reading 'emit')","stack":"TypeError: Cannot read properties of undefined (reading 'emit')\n    at ProductController.updateProduct (file:///Users/federicotorres/Backend-course/backend-course/Desafio%20Complementario%202/src/controllers/product.controller.js:115:28)\n    at process.processTicksAndRejections (node:internal/process/task_queues:95:5)"}
{"level":"error","message":"Error del servidor al buscar carrito especificado Error listando elementos del carrito: No existe un carrito con id d061da43585a9e06008c553e","stack":"Error: Error listando elementos del carrito: No existe un carrito con id d061da43585a9e06008c553e\n    at CartRepository.findById (file:///Users/federicotorres/Backend-course/backend-course/Desafio%20Complementario%202/src/repositories/cart.repository.js:22:19)\n    at process.processTicksAndRejections (node:internal/process/task_queues:95:5)\n    at async CartService.getCartById (file:///Users/federicotorres/Backend-course/backend-course/Desafio%20Complementario%202/src/services/cart.service.js:18:16)\n    at async CartController.getCartById (file:///Users/federicotorres/Backend-course/backend-course/Desafio%20Complementario%202/src/controllers/cart.controller.js:40:26)"}
{"level":"error","message":"Socket.IO no está definido en req"}
{"level":"error","message":"Error emitting update event Cannot read properties of undefined (reading 'emit')","stack":"TypeError: Cannot read properties of undefined (reading 'emit')\n    at ProductController.updateProduct (file:///Users/federicotorres/Backend-course/backend-course/Desafio%20Complementario%202/src/controllers/product.controller.js:115:28)\n    at process.processTicksAndRejections (node:internal/process/task_queues:95:5)"}
{"level":"error","message":"Error del servidor al buscar carrito especificado Error listando elementos del carrito: No existe un carrito con id d061da43585a9e06008c553e","stack":"Error: Error listando elementos del carrito: No existe un carrito con id d061da43585a9e06008c553e\n    at CartRepository.findById (file:///Users/federicotorres/Backend-course/backend-course/Desafio%20Complementario%202/src/repositories/cart.repository.js:22:19)\n    at process.processTicksAndRejections (node:internal/process/task_queues:95:5)\n    at async CartService.getCartById (file:///Users/federicotorres/Backend-course/backend-course/Desafio%20Complementario%202/src/services/cart.service.js:18:16)\n    at async CartController.getCartById (file:///Users/federicotorres/Backend-course/backend-course/Desafio%20Complementario%202/src/controllers/cart.controller.js:40:26)"}
{"level":"error","message":"Socket.IO no está definido en req"}
{"level":"error","message":"Error emitting update event Cannot read properties of undefined (reading 'emit')","stack":"TypeError: Cannot read properties of undefined (reading 'emit')\n    at ProductController.updateProduct (file:///Users/federicotorres/Backend-course/backend-course/Desafio%20Complementario%202/src/controllers/product.controller.js:115:28)\n    at process.processTicksAndRejections (node:internal/process/task_queues:95:5)"}
{"level":"error","message":"Socket.IO no está definido en req"}
{"level":"error","message":"Error emitting update event Cannot read properties of undefined (reading 'emit')","stack":"TypeError: Cannot read properties of undefined (reading 'emit')\n    at ProductController.updateProduct (file:///Users/federicotorres/Backend-course/backend-course/Desafio%20Complementario%202/src/controllers/product.controller.js:115:28)\n    at process.processTicksAndRejections (node:internal/process/task_queues:95:5)"}
{"level":"error","message":"Socket.IO no está definido en req"}
{"level":"error","message":"Error emitting update event Cannot read properties of undefined (reading 'emit')","stack":"TypeError: Cannot read properties of undefined (reading 'emit')\n    at ProductController.updateProduct (file:///Users/federicotorres/Backend-course/backend-course/Desafio%20Complementario%202/src/controllers/product.controller.js:115:28)\n    at process.processTicksAndRejections (node:internal/process/task_queues:95:5)"}
{"level":"error","message":"Socket.IO no está definido en req"}
{"level":"error","message":"Error emitting update event Cannot read properties of undefined (reading 'emit')","stack":"TypeError: Cannot read properties of undefined (reading 'emit')\n    at ProductController.updateProduct (file:///Users/federicotorres/Backend-course/backend-course/Desafio%20Complementario%202/src/controllers/product.controller.js:115:28)\n    at process.processTicksAndRejections (node:internal/process/task_queues:95:5)"}
{"level":"error","message":"Socket.IO no está definido en req"}
{"level":"error","message":"Error emitting update event Cannot read properties of undefined (reading 'emit')","stack":"TypeError: Cannot read properties of undefined (reading 'emit')\n    at ProductController.updateProduct (file:///Users/federicotorres/Backend-course/backend-course/Desafio%20Complementario%202/src/controllers/product.controller.js:115:28)\n    at process.processTicksAndRejections (node:internal/process/task_queues:95:5)"}
{"level":"error","message":"Socket.IO no está definido en req"}
{"level":"error","message":"Error emitting update event Cannot read properties of undefined (reading 'emit')","stack":"TypeError: Cannot read properties of undefined (reading 'emit')\n    at ProductController.updateProduct (file:///Users/federicotorres/Backend-course/backend-course/Desafio%20Complementario%202/src/controllers/product.controller.js:115:28)\n    at process.processTicksAndRejections (node:internal/process/task_queues:95:5)"}
{"level":"error","message":"Socket.IO no está definido en req"}
{"level":"error","message":"Error emitting update event Cannot read properties of undefined (reading 'emit')","stack":"TypeError: Cannot read properties of undefined (reading 'emit')\n    at ProductController.updateProduct (file:///Users/federicotorres/Backend-course/backend-course/Desafio%20Complementario%202/src/controllers/product.controller.js:115:28)\n    at process.processTicksAndRejections (node:internal/process/task_queues:95:5)"}
{"level":"error","message":"Socket.IO no está definido en req"}
{"level":"error","message":"Error emitting update event Cannot read properties of undefined (reading 'emit')","stack":"TypeError: Cannot read properties of undefined (reading 'emit')\n    at ProductController.updateProduct (file:///Users/federicotorres/Backend-course/backend-course/Desafio%20Complementario%202/src/controllers/product.controller.js:115:28)\n    at process.processTicksAndRejections (node:internal/process/task_queues:95:5)"}
{"level":"error","message":"Socket.IO no está definido en req"}
{"level":"error","message":"Error emitting update event Cannot read properties of undefined (reading 'emit')","stack":"TypeError: Cannot read properties of undefined (reading 'emit')\n    at ProductController.updateProduct (file:///Users/federicotorres/Backend-course/backend-course/Desafio%20Complementario%202/src/controllers/product.controller.js:115:28)\n    at process.processTicksAndRejections (node:internal/process/task_queues:95:5)"}
{"level":"error","message":"Socket.IO no está definido en req"}
{"level":"error","message":"Error emitting update event Cannot read properties of undefined (reading 'emit')","stack":"TypeError: Cannot read properties of undefined (reading 'emit')\n    at ProductController.updateProduct (file:///Users/federicotorres/Backend-course/backend-course/Desafio%20Complementario%202/src/controllers/product.controller.js:115:28)\n    at process.processTicksAndRejections (node:internal/process/task_queues:95:5)"}
{"level":"error","message":"Socket.IO no está definido en req"}
{"level":"error","message":"Error emitting update event Cannot read properties of undefined (reading 'emit')","stack":"TypeError: Cannot read properties of undefined (reading 'emit')\n    at ProductController.updateProduct (file:///Users/federicotorres/Backend-course/backend-course/Desafio%20Complementario%202/src/controllers/product.controller.js:115:28)\n    at process.processTicksAndRejections (node:internal/process/task_queues:95:5)"}
{"level":"error","message":"Socket.IO no está definido en req"}
{"level":"error","message":"Error emitting update event Cannot read properties of undefined (reading 'emit')","stack":"TypeError: Cannot read properties of undefined (reading 'emit')\n    at ProductController.updateProduct (file:///Users/federicotorres/Backend-course/backend-course/Desafio%20Complementario%202/src/controllers/product.controller.js:115:28)\n    at process.processTicksAndRejections (node:internal/process/task_queues:95:5)"}
{"level":"error","message":"Socket.IO no está definido en req"}
{"level":"error","message":"Error emitting update event Cannot read properties of undefined (reading 'emit')","stack":"TypeError: Cannot read properties of undefined (reading 'emit')\n    at ProductController.updateProduct (file:///Users/federicotorres/Backend-course/backend-course/Desafio%20Complementario%202/src/controllers/product.controller.js:115:28)\n    at process.processTicksAndRejections (node:internal/process/task_queues:95:5)"}
{"level":"error","message":"Socket.IO no está definido en req"}
{"level":"error","message":"Error emitting update event Cannot read properties of undefined (reading 'emit')","stack":"TypeError: Cannot read properties of undefined (reading 'emit')\n    at ProductController.updateProduct (file:///Users/federicotorres/Backend-course/backend-course/Desafio%20Complementario%202/src/controllers/product.controller.js:115:28)\n    at process.processTicksAndRejections (node:internal/process/task_queues:95:5)"}
{"level":"error","message":"Socket.IO no está definido en req"}
{"level":"error","message":"Error emitting update event Cannot read properties of undefined (reading 'emit')","stack":"TypeError: Cannot read properties of undefined (reading 'emit')\n    at ProductController.updateProduct (file:///Users/federicotorres/Backend-course/backend-course/Desafio%20Complementario%202/src/controllers/product.controller.js:115:28)\n    at process.processTicksAndRejections (node:internal/process/task_queues:95:5)"}
{"level":"error","message":"Socket.IO no está definido en req"}
{"level":"error","message":"Error emitting update event Cannot read properties of undefined (reading 'emit')","stack":"TypeError: Cannot read properties of undefined (reading 'emit')\n    at ProductController.updateProduct (file:///Users/federicotorres/Backend-course/backend-course/Desafio%20Complementario%202/src/controllers/product.controller.js:115:28)\n    at process.processTicksAndRejections (node:internal/process/task_queues:95:5)"}
{"level":"error","message":"Socket.IO no está definido en req"}
{"level":"error","message":"Error emitting update event Cannot read properties of undefined (reading 'emit')","stack":"TypeError: Cannot read properties of undefined (reading 'emit')\n    at ProductController.updateProduct (file:///Users/federicotorres/Backend-course/backend-course/Desafio%20Complementario%202/src/controllers/product.controller.js:115:28)\n    at process.processTicksAndRejections (node:internal/process/task_queues:95:5)"}
{"level":"error","message":"Socket.IO no está definido en req"}
{"level":"error","message":"Error emitting update event Cannot read properties of undefined (reading 'emit')","stack":"TypeError: Cannot read properties of undefined (reading 'emit')\n    at ProductController.updateProduct (file:///Users/federicotorres/Backend-course/backend-course/Desafio%20Complementario%202/src/controllers/product.controller.js:115:28)\n    at process.processTicksAndRejections (node:internal/process/task_queues:95:5)"}
{"level":"error","message":"Socket.IO no está definido en req"}
{"level":"error","message":"Error emitting update event Cannot read properties of undefined (reading 'emit')","stack":"TypeError: Cannot read properties of undefined (reading 'emit')\n    at ProductController.updateProduct (file:///Users/federicotorres/Backend-course/backend-course/Desafio%20Complementario%202/src/controllers/product.controller.js:115:28)\n    at process.processTicksAndRejections (node:internal/process/task_queues:95:5)"}
{"level":"error","message":"Socket.IO no está definido en req"}
{"level":"error","message":"Error emitting update event Cannot read properties of undefined (reading 'emit')","stack":"TypeError: Cannot read properties of undefined (reading 'emit')\n    at ProductController.updateProduct (file:///Users/federicotorres/Backend-course/backend-course/Desafio%20Complementario%202/src/controllers/product.controller.js:115:28)\n    at process.processTicksAndRejections (node:internal/process/task_queues:95:5)"}
{"level":"error","message":"Socket.IO no está definido en req"}
{"level":"error","message":"Error emitting update event Cannot read properties of undefined (reading 'emit')","stack":"TypeError: Cannot read properties of undefined (reading 'emit')\n    at ProductController.updateProduct (file:///Users/federicotorres/Backend-course/backend-course/Desafio%20Complementario%202/src/controllers/product.controller.js:115:28)\n    at process.processTicksAndRejections (node:internal/process/task_queues:95:5)"}
{"level":"error","message":"Socket.IO no está definido en req"}
{"level":"error","message":"Error emitting update event Cannot read properties of undefined (reading 'emit')","stack":"TypeError: Cannot read properties of undefined (reading 'emit')\n    at ProductController.updateProduct (file:///Users/federicotorres/Backend-course/backend-course/Desafio%20Complementario%202/src/controllers/product.controller.js:115:28)\n    at process.processTicksAndRejections (node:internal/process/task_queues:95:5)"}
{"level":"error","message":"Socket.IO no está definido en req"}
{"level":"error","message":"Error emitting update event Cannot read properties of undefined (reading 'emit')","stack":"TypeError: Cannot read properties of undefined (reading 'emit')\n    at ProductController.updateProduct (file:///Users/federicotorres/Backend-course/backend-course/Desafio%20Complementario%202/src/controllers/product.controller.js:115:28)\n    at process.processTicksAndRejections (node:internal/process/task_queues:95:5)"}
{"level":"error","message":"Socket.IO no está definido en req"}
{"level":"error","message":"Error emitting update event Cannot read properties of undefined (reading 'emit')","stack":"TypeError: Cannot read properties of undefined (reading 'emit')\n    at ProductController.updateProduct (file:///Users/federicotorres/Backend-course/backend-course/Desafio%20Complementario%202/src/controllers/product.controller.js:115:28)\n    at process.processTicksAndRejections (node:internal/process/task_queues:95:5)"}
{"level":"error","message":"Socket.IO no está definido en req"}
{"level":"error","message":"Error emitting update event Cannot read properties of undefined (reading 'emit')","stack":"TypeError: Cannot read properties of undefined (reading 'emit')\n    at ProductController.updateProduct (file:///Users/federicotorres/Backend-course/backend-course/Desafio%20Complementario%202/src/controllers/product.controller.js:115:28)\n    at process.processTicksAndRejections (node:internal/process/task_queues:95:5)"}
{"level":"error","message":"Socket.IO no está definido en req"}
{"level":"error","message":"Error emitting update event Cannot read properties of undefined (reading 'emit')","stack":"TypeError: Cannot read properties of undefined (reading 'emit')\n    at ProductController.updateProduct (file:///Users/federicotorres/Backend-course/backend-course/Desafio%20Complementario%202/src/controllers/product.controller.js:115:28)\n    at process.processTicksAndRejections (node:internal/process/task_queues:95:5)"}
{"level":"error","message":"Error interno. Fallo al eliminar el producto del carrito"}
{"level":"error","message":"Socket.IO no está definido en req"}
{"level":"error","message":"Error emitting update event Cannot read properties of undefined (reading 'emit')","stack":"TypeError: Cannot read properties of undefined (reading 'emit')\n    at ProductController.updateProduct (file:///Users/federicotorres/Backend-course/backend-course/Desafio%20Complementario%202/src/controllers/product.controller.js:115:28)\n    at process.processTicksAndRejections (node:internal/process/task_queues:95:5)"}
{"level":"error","message":"Error interno. Fallo al eliminar el producto del carrito"}
{"level":"error","message":"Socket.IO no está definido en req"}
{"level":"error","message":"Error emitting update event Cannot read properties of undefined (reading 'emit')","stack":"TypeError: Cannot read properties of undefined (reading 'emit')\n    at ProductController.updateProduct (file:///Users/federicotorres/Backend-course/backend-course/Desafio%20Complementario%202/src/controllers/product.controller.js:115:28)\n    at process.processTicksAndRejections (node:internal/process/task_queues:95:5)"}
{"level":"error","message":"Error interno. Fallo al eliminar el producto del carrito"}
{"level":"error","message":"Socket.IO no está definido en req"}
{"level":"error","message":"Error emitting update event Cannot read properties of undefined (reading 'emit')","stack":"TypeError: Cannot read properties of undefined (reading 'emit')\n    at ProductController.updateProduct (file:///Users/federicotorres/Backend-course/backend-course/Desafio%20Complementario%202/src/controllers/product.controller.js:115:28)\n    at process.processTicksAndRejections (node:internal/process/task_queues:95:5)"}
{"level":"error","message":"Error interno. Fallo al eliminar el producto del carrito"}
{"level":"error","message":"Socket.IO no está definido en req"}
{"level":"error","message":"Error emitting update event Cannot read properties of undefined (reading 'emit')","stack":"TypeError: Cannot read properties of undefined (reading 'emit')\n    at ProductController.updateProduct (file:///Users/federicotorres/Backend-course/backend-course/Desafio%20Complementario%202/src/controllers/product.controller.js:115:28)\n    at process.processTicksAndRejections (node:internal/process/task_queues:95:5)"}
{"kind":"ObjectId","level":"error","message":"Error interno. Fallo al vaciar el carrito Cast to ObjectId failed for value \"d061da43585a9e060081111\" (type string) at path \"_id\" for model \"carts\"","path":"_id","reason":{},"stack":"CastError: Cast to ObjectId failed for value \"d061da43585a9e060081111\" (type string) at path \"_id\" for model \"carts\"\n    at SchemaObjectId.cast (/Users/federicotorres/Backend-course/backend-course/Desafio Complementario 2/node_modules/mongoose/lib/schema/objectId.js:250:11)\n    at SchemaType.applySetters (/Users/federicotorres/Backend-course/backend-course/Desafio Complementario 2/node_modules/mongoose/lib/schemaType.js:1236:12)\n    at SchemaType.castForQuery (/Users/federicotorres/Backend-course/backend-course/Desafio Complementario 2/node_modules/mongoose/lib/schemaType.js:1653:17)\n    at cast (/Users/federicotorres/Backend-course/backend-course/Desafio Complementario 2/node_modules/mongoose/lib/cast.js:375:32)\n    at Query.cast (/Users/federicotorres/Backend-course/backend-course/Desafio Complementario 2/node_modules/mongoose/lib/query.js:4786:12)\n    at Query._castConditions (/Users/federicotorres/Backend-course/backend-course/Desafio Complementario 2/node_modules/mongoose/lib/query.js:2199:10)\n    at model.Query._updateThunk (/Users/federicotorres/Backend-course/backend-course/Desafio Complementario 2/node_modules/mongoose/lib/query.js:3752:8)\n    at model.Query._updateOne (/Users/federicotorres/Backend-course/backend-course/Desafio Complementario 2/node_modules/mongoose/lib/query.js:3857:23)\n    at model.Query.exec (/Users/federicotorres/Backend-course/backend-course/Desafio Complementario 2/node_modules/mongoose/lib/query.js:4330:80)\n    at process.processTicksAndRejections (node:internal/process/task_queues:95:5)","stringValue":"\"d061da43585a9e060081111\"","value":"d061da43585a9e060081111","valueType":"string"}
{"level":"error","message":"Socket.IO no está definido en req"}
{"level":"error","message":"Error emitting update event Cannot read properties of undefined (reading 'emit')","stack":"TypeError: Cannot read properties of undefined (reading 'emit')\n    at ProductController.updateProduct (file:///Users/federicotorres/Backend-course/backend-course/Desafio%20Complementario%202/src/controllers/product.controller.js:115:28)\n    at process.processTicksAndRejections (node:internal/process/task_queues:95:5)"}
{"kind":"ObjectId","level":"error","message":"Error interno. Fallo al vaciar el carrito Cast to ObjectId failed for value \"d061da43585a9e060081111\" (type string) at path \"_id\" for model \"carts\"","path":"_id","reason":{},"stack":"CastError: Cast to ObjectId failed for value \"d061da43585a9e060081111\" (type string) at path \"_id\" for model \"carts\"\n    at SchemaObjectId.cast (/Users/federicotorres/Backend-course/backend-course/Desafio Complementario 2/node_modules/mongoose/lib/schema/objectId.js:250:11)\n    at SchemaType.applySetters (/Users/federicotorres/Backend-course/backend-course/Desafio Complementario 2/node_modules/mongoose/lib/schemaType.js:1236:12)\n    at SchemaType.castForQuery (/Users/federicotorres/Backend-course/backend-course/Desafio Complementario 2/node_modules/mongoose/lib/schemaType.js:1653:17)\n    at cast (/Users/federicotorres/Backend-course/backend-course/Desafio Complementario 2/node_modules/mongoose/lib/cast.js:375:32)\n    at Query.cast (/Users/federicotorres/Backend-course/backend-course/Desafio Complementario 2/node_modules/mongoose/lib/query.js:4786:12)\n    at Query._castConditions (/Users/federicotorres/Backend-course/backend-course/Desafio Complementario 2/node_modules/mongoose/lib/query.js:2199:10)\n    at model.Query._findOne (/Users/federicotorres/Backend-course/backend-course/Desafio Complementario 2/node_modules/mongoose/lib/query.js:2513:8)\n    at model.Query.exec (/Users/federicotorres/Backend-course/backend-course/Desafio Complementario 2/node_modules/mongoose/lib/query.js:4330:80)\n    at process.processTicksAndRejections (node:internal/process/task_queues:95:5)\n    at async CartService.emptyCart (file:///Users/federicotorres/Backend-course/backend-course/Desafio%20Complementario%202/src/services/cart.service.js:77:22)","stringValue":"\"d061da43585a9e060081111\"","value":"d061da43585a9e060081111","valueType":"string"}
{"level":"error","message":"Socket.IO no está definido en req"}
{"level":"error","message":"Error emitting update event Cannot read properties of undefined (reading 'emit')","stack":"TypeError: Cannot read properties of undefined (reading 'emit')\n    at ProductController.updateProduct (file:///Users/federicotorres/Backend-course/backend-course/Desafio%20Complementario%202/src/controllers/product.controller.js:115:28)\n    at process.processTicksAndRejections (node:internal/process/task_queues:95:5)"}
{"kind":"ObjectId","level":"error","message":"Error interno. Fallo al vaciar el carrito Cast to ObjectId failed for value \"d061da43585a9e060081111\" (type string) at path \"_id\" for model \"carts\"","path":"_id","reason":{},"stack":"CastError: Cast to ObjectId failed for value \"d061da43585a9e060081111\" (type string) at path \"_id\" for model \"carts\"\n    at SchemaObjectId.cast (/Users/federicotorres/Backend-course/backend-course/Desafio Complementario 2/node_modules/mongoose/lib/schema/objectId.js:250:11)\n    at SchemaType.applySetters (/Users/federicotorres/Backend-course/backend-course/Desafio Complementario 2/node_modules/mongoose/lib/schemaType.js:1236:12)\n    at SchemaType.castForQuery (/Users/federicotorres/Backend-course/backend-course/Desafio Complementario 2/node_modules/mongoose/lib/schemaType.js:1653:17)\n    at cast (/Users/federicotorres/Backend-course/backend-course/Desafio Complementario 2/node_modules/mongoose/lib/cast.js:375:32)\n    at Query.cast (/Users/federicotorres/Backend-course/backend-course/Desafio Complementario 2/node_modules/mongoose/lib/query.js:4786:12)\n    at Query._castConditions (/Users/federicotorres/Backend-course/backend-course/Desafio Complementario 2/node_modules/mongoose/lib/query.js:2199:10)\n    at model.Query._findOne (/Users/federicotorres/Backend-course/backend-course/Desafio Complementario 2/node_modules/mongoose/lib/query.js:2513:8)\n    at model.Query.exec (/Users/federicotorres/Backend-course/backend-course/Desafio Complementario 2/node_modules/mongoose/lib/query.js:4330:80)\n    at process.processTicksAndRejections (node:internal/process/task_queues:95:5)\n    at async CartService.emptyCart (file:///Users/federicotorres/Backend-course/backend-course/Desafio%20Complementario%202/src/services/cart.service.js:77:22)","stringValue":"\"d061da43585a9e060081111\"","value":"d061da43585a9e060081111","valueType":"string"}
{"level":"error","message":"Socket.IO no está definido en req"}
{"level":"error","message":"Error emitting update event Cannot read properties of undefined (reading 'emit')","stack":"TypeError: Cannot read properties of undefined (reading 'emit')\n    at ProductController.updateProduct (file:///Users/federicotorres/Backend-course/backend-course/Desafio%20Complementario%202/src/controllers/product.controller.js:115:28)\n    at process.processTicksAndRejections (node:internal/process/task_queues:95:5)"}
{"kind":"ObjectId","level":"error","message":"Error interno. Fallo al vaciar el carrito Cast to ObjectId failed for value \"d061da43585a9e060081111\" (type string) at path \"_id\" for model \"carts\"","path":"_id","reason":{},"stack":"CastError: Cast to ObjectId failed for value \"d061da43585a9e060081111\" (type string) at path \"_id\" for model \"carts\"\n    at SchemaObjectId.cast (/Users/federicotorres/Backend-course/backend-course/Desafio Complementario 2/node_modules/mongoose/lib/schema/objectId.js:250:11)\n    at SchemaType.applySetters (/Users/federicotorres/Backend-course/backend-course/Desafio Complementario 2/node_modules/mongoose/lib/schemaType.js:1236:12)\n    at SchemaType.castForQuery (/Users/federicotorres/Backend-course/backend-course/Desafio Complementario 2/node_modules/mongoose/lib/schemaType.js:1653:17)\n    at cast (/Users/federicotorres/Backend-course/backend-course/Desafio Complementario 2/node_modules/mongoose/lib/cast.js:375:32)\n    at Query.cast (/Users/federicotorres/Backend-course/backend-course/Desafio Complementario 2/node_modules/mongoose/lib/query.js:4786:12)\n    at Query._castConditions (/Users/federicotorres/Backend-course/backend-course/Desafio Complementario 2/node_modules/mongoose/lib/query.js:2199:10)\n    at model.Query._findOne (/Users/federicotorres/Backend-course/backend-course/Desafio Complementario 2/node_modules/mongoose/lib/query.js:2513:8)\n    at model.Query.exec (/Users/federicotorres/Backend-course/backend-course/Desafio Complementario 2/node_modules/mongoose/lib/query.js:4330:80)\n    at process.processTicksAndRejections (node:internal/process/task_queues:95:5)\n    at async CartService.emptyCart (file:///Users/federicotorres/Backend-course/backend-course/Desafio%20Complementario%202/src/services/cart.service.js:77:22)","stringValue":"\"d061da43585a9e060081111\"","value":"d061da43585a9e060081111","valueType":"string"}
{"level":"error","message":"Socket.IO no está definido en req"}
{"level":"error","message":"Error emitting update event Cannot read properties of undefined (reading 'emit')","stack":"TypeError: Cannot read properties of undefined (reading 'emit')\n    at ProductController.updateProduct (file:///Users/federicotorres/Backend-course/backend-course/Desafio%20Complementario%202/src/controllers/product.controller.js:115:28)\n    at process.processTicksAndRejections (node:internal/process/task_queues:95:5)"}
{"level":"error","message":"Socket.IO no está definido en req"}
{"level":"error","message":"Error emitting update event Cannot read properties of undefined (reading 'emit')","stack":"TypeError: Cannot read properties of undefined (reading 'emit')\n    at ProductController.updateProduct (file:///Users/federicotorres/Backend-course/backend-course/Desafio%20Complementario%202/src/controllers/product.controller.js:115:28)\n    at process.processTicksAndRejections (node:internal/process/task_queues:95:5)"}
{"level":"error","message":"Socket.IO no está definido en req"}
{"level":"error","message":"Error emitting update event Cannot read properties of undefined (reading 'emit')","stack":"TypeError: Cannot read properties of undefined (reading 'emit')\n    at ProductController.updateProduct (file:///Users/federicotorres/Backend-course/backend-course/Desafio%20Complementario%202/src/controllers/product.controller.js:115:28)\n    at process.processTicksAndRejections (node:internal/process/task_queues:95:5)"}
{"level":"error","message":"Socket.IO no está definido en req"}
{"level":"error","message":"Error emitting update event Cannot read properties of undefined (reading 'emit')","stack":"TypeError: Cannot read properties of undefined (reading 'emit')\n    at ProductController.updateProduct (file:///Users/federicotorres/Backend-course/backend-course/Desafio%20Complementario%202/src/controllers/product.controller.js:115:28)\n    at process.processTicksAndRejections (node:internal/process/task_queues:95:5)"}
{"level":"error","message":"Socket.IO no está definido en req"}
{"level":"error","message":"Error emitting update event Cannot read properties of undefined (reading 'emit')","stack":"TypeError: Cannot read properties of undefined (reading 'emit')\n    at ProductController.updateProduct (file:///Users/federicotorres/Backend-course/backend-course/Desafio%20Complementario%202/src/controllers/product.controller.js:115:28)\n    at process.processTicksAndRejections (node:internal/process/task_queues:95:5)"}
{"level":"error"}
{"level":"error","message":"Socket.IO no está definido en req"}
{"level":"error","message":"Error emitting update event Cannot read properties of undefined (reading 'emit')","stack":"TypeError: Cannot read properties of undefined (reading 'emit')\n    at ProductController.updateProduct (file:///Users/federicotorres/Backend-course/backend-course/Desafio%20Complementario%202/src/controllers/product.controller.js:115:28)\n    at process.processTicksAndRejections (node:internal/process/task_queues:95:5)"}
{"level":"error","message":"Socket.IO no está definido en req"}
{"level":"error","message":"Error emitting update event Cannot read properties of undefined (reading 'emit')","stack":"TypeError: Cannot read properties of undefined (reading 'emit')\n    at ProductController.updateProduct (file:///Users/federicotorres/Backend-course/backend-course/Desafio%20Complementario%202/src/controllers/product.controller.js:115:28)\n    at process.processTicksAndRejections (node:internal/process/task_queues:95:5)"}
{"level":"error","message":"Socket.IO no está definido en req"}
{"level":"error","message":"Error emitting update event Cannot read properties of undefined (reading 'emit')","stack":"TypeError: Cannot read properties of undefined (reading 'emit')\n    at ProductController.updateProduct (file:///Users/federicotorres/Backend-course/backend-course/Desafio%20Complementario%202/src/controllers/product.controller.js:115:28)\n    at process.processTicksAndRejections (node:internal/process/task_queues:95:5)"}
{"level":"error","message":"Socket.IO no está definido en req"}
{"level":"error","message":"Error emitting update event Cannot read properties of undefined (reading 'emit')","stack":"TypeError: Cannot read properties of undefined (reading 'emit')\n    at ProductController.updateProduct (file:///Users/federicotorres/Backend-course/backend-course/Desafio%20Complementario%202/src/controllers/product.controller.js:115:28)\n    at process.processTicksAndRejections (node:internal/process/task_queues:95:5)"}
{"level":"error","message":"Socket.IO no está definido en req"}
{"level":"error","message":"Error emitting update event Cannot read properties of undefined (reading 'emit')","stack":"TypeError: Cannot read properties of undefined (reading 'emit')\n    at ProductController.updateProduct (file:///Users/federicotorres/Backend-course/backend-course/Desafio%20Complementario%202/src/controllers/product.controller.js:115:28)\n    at process.processTicksAndRejections (node:internal/process/task_queues:95:5)"}
{"level":"error","message":"Socket.IO no está definido en req"}
{"level":"error","message":"Error emitting update event Cannot read properties of undefined (reading 'emit')","stack":"TypeError: Cannot read properties of undefined (reading 'emit')\n    at ProductController.updateProduct (file:///Users/federicotorres/Backend-course/backend-course/Desafio%20Complementario%202/src/controllers/product.controller.js:115:28)\n    at process.processTicksAndRejections (node:internal/process/task_queues:95:5)"}
{"level":"error"}
{"level":"error"}
{"level":"error"}
{"level":"error"}
{"level":"error"}
{"level":"error"}
{"level":"error"}
{"level":"error"}
{"level":"error"}
{"level":"error"}
{"level":"error"}
{"level":"error"}
{"level":"error"}
{"level":"error"}
{"level":"error"}
{"level":"error"}
{"level":"error"}
{"level":"error"}
{"level":"error"}
{"level":"error"}
{"level":"error"}
{"level":"error"}
{"code":"LIMIT_UNEXPECTED_FILE","field":"DNI","level":"error","message":"Unexpected field","name":"MulterError","storageErrors":[]}
{"code":"LIMIT_UNEXPECTED_FILE","field":"DNI","level":"error","message":"Unexpected field","name":"MulterError","storageErrors":[]}
{"code":"LIMIT_UNEXPECTED_FILE","field":"DNI","level":"error","message":"Unexpected field","name":"MulterError","storageErrors":[]}
{"code":"LIMIT_UNEXPECTED_FILE","field":"DNI","level":"error","message":"Unexpected field","name":"MulterError","storageErrors":[]}
{"code":"LIMIT_UNEXPECTED_FILE","field":"DNI","level":"error","message":"Unexpected field","name":"MulterError","storageErrors":[]}
{"code":"LIMIT_UNEXPECTED_FILE","field":"DNI","level":"error","message":"Unexpected field","name":"MulterError","storageErrors":[]}
{"code":"LIMIT_UNEXPECTED_FILE","field":"DNI","level":"error","message":"Unexpected field","name":"MulterError","storageErrors":[]}
{"code":"LIMIT_UNEXPECTED_FILE","field":"documents","level":"error","message":"Unexpected field","name":"MulterError","storageErrors":[]}
{"level":"error","message":"Socket.IO no está definido en req"}
{"level":"error","message":"Error emitting update event Cannot read properties of undefined (reading 'emit')","stack":"TypeError: Cannot read properties of undefined (reading 'emit')\n    at ProductController.updateProduct (file:///Users/federicotorres/Backend-course/backend-course/Desafio%20Complementario%203/src/controllers/product.controller.js:115:28)\n    at process.processTicksAndRejections (node:internal/process/task_queues:95:5)"}
{"level":"error","message":"Socket.IO no está definido en req"}
{"level":"error","message":"Error emitting update event Cannot read properties of undefined (reading 'emit')","stack":"TypeError: Cannot read properties of undefined (reading 'emit')\n    at ProductController.updateProduct (file:///Users/federicotorres/Backend-course/backend-course/Desafio%20Complementario%203/src/controllers/product.controller.js:115:28)\n    at process.processTicksAndRejections (node:internal/process/task_queues:95:5)"}
{"level":"error","message":"Socket.IO no está definido en req"}
{"level":"error","message":"Error emitting update event Cannot read properties of undefined (reading 'emit')","stack":"TypeError: Cannot read properties of undefined (reading 'emit')\n    at ProductController.updateProduct (file:///Users/federicotorres/Backend-course/backend-course/Desafio%20Complementario%203/src/controllers/product.controller.js:115:28)\n    at process.processTicksAndRejections (node:internal/process/task_queues:95:5)"}
{"level":"error","message":"Socket.IO no está definido en req"}
{"level":"error","message":"Error emitting update event Cannot read properties of undefined (reading 'emit')","stack":"TypeError: Cannot read properties of undefined (reading 'emit')\n    at ProductController.updateProduct (file:///Users/federicotorres/Backend-course/backend-course/Desafio%20Complementario%203/src/controllers/product.controller.js:115:28)\n    at process.processTicksAndRejections (node:internal/process/task_queues:95:5)"}
{"level":"error","message":"Fallo al obtener producto"}
{"level":"error","message":"Socket.IO no está definido en req"}
{"level":"error","message":"Error emitting update event Cannot read properties of undefined (reading 'emit')","stack":"TypeError: Cannot read properties of undefined (reading 'emit')\n    at ProductController.updateProduct (file:///Users/federicotorres/Backend-course/backend-course/Desafio%20Complementario%203/src/controllers/product.controller.js:115:28)\n    at process.processTicksAndRejections (node:internal/process/task_queues:95:5)"}
{"level":"error","message":"Socket.IO no está definido en req"}
{"level":"error","message":"Error emitting update event Cannot read properties of undefined (reading 'emit')","stack":"TypeError: Cannot read properties of undefined (reading 'emit')\n    at ProductController.updateProduct (file:///Users/federicotorres/Backend-course/backend-course/Desafio%20Complementario%203/src/controllers/product.controller.js:115:28)\n    at process.processTicksAndRejections (node:internal/process/task_queues:95:5)"}
{"level":"error","message":"Fallo al finalizar la compra. Error interno del servidor."}
{"code":"redirect_uri_mismatch","level":"error","message":"The redirect_uri MUST match the registered callback URL for this application.","name":"AuthorizationError","status":500,"uri":"https://docs.github.com/apps/managing-oauth-apps/troubleshooting-authorization-request-errors/#redirect-uri-mismatch"}
{"level":"error","message":"Error interno. Fallo al eliminar el producto del carrito"}
{"level":"error","message":"Error interno. Fallo al eliminar el producto del carrito"}
{"level":"error","message":"Error interno. Fallo al eliminar el producto del carrito"}
{"level":"error","message":"Error interno. Fallo al eliminar el producto del carrito"}
{"level":"error","message":"Error interno. Fallo al eliminar el producto del carrito"}
{"level":"error","message":"Error interno. Fallo al eliminar el producto del carrito"}
{"level":"error","message":"Error interno. Fallo al eliminar el producto del carrito"}
{"level":"error","message":"Error interno. Fallo al eliminar el producto del carrito"}
{"level":"error","message":"Error interno. Fallo al eliminar el producto del carrito"}
{"level":"error","message":"Error interno. Fallo al eliminar el producto del carrito"}
{"level":"error","message":"Error interno. Fallo al eliminar el producto del carrito"}
{"level":"error","message":"Error interno. Fallo al eliminar el producto del carrito"}
{"level":"error","message":"Error interno. Fallo al eliminar el producto del carrito"}
{"level":"error","message":"Error interno. Fallo al eliminar el producto del carrito"}
{"level":"error","message":"Error interno. Fallo al eliminar el producto del carrito"}
{"level":"error","message":"Error interno. Fallo al eliminar el producto del carrito"}
{"level":"error","message":"Error interno. Fallo al eliminar el producto del carrito"}
{"level":"error","message":"Error interno. Fallo al eliminar el producto del carrito"}
{"level":"error","message":"Fallo al finalizar la compra. Error interno del servidor."}
{"level":"error","message":"Fallo al finalizar la compra. Error interno del servidor."}
{"level":"error","message":"Fallo al finalizar la compra. Error interno del servidor."}
{"level":"error","message":"Fallo al finalizar la compra. Error interno del servidor."}
{"level":"error","message":"Fallo al finalizar la compra. Error interno del servidor."}
{"level":"error","message":"Fallo al finalizar la compra. Error interno del servidor."}
{"level":"error","message":"Fallo al finalizar la compra. Error interno del servidor."}
{"level":"error","message":"Fallo al finalizar la compra. Error interno del servidor."}
{"level":"error","message":"Fallo al finalizar la compra. Error interno del servidor."}
{"level":"error","message":"Fallo al finalizar la compra. Error interno del servidor. Cannot read properties of undefined (reading 'emit')","stack":"TypeError: Cannot read properties of undefined (reading 'emit')\n    at CartController.confirmPurchase (file:///Users/federicotorres/Backend-course/backend-course-entrega-final/src/controllers/cart.controller.js:212:20)\n    at process.processTicksAndRejections (node:internal/process/task_queues:95:5)"}
{"level":"error","message":"Fallo al finalizar la compra. Error interno del servidor. Cannot read properties of undefined (reading 'emit')","stack":"TypeError: Cannot read properties of undefined (reading 'emit')\n    at CartController.confirmPurchase (file:///Users/federicotorres/Backend-course/backend-course-entrega-final/src/controllers/cart.controller.js:212:20)\n    at process.processTicksAndRejections (node:internal/process/task_queues:95:5)"}
{"level":"error","message":"Fallo al finalizar la compra. Error interno del servidor. Cannot read properties of null (reading 'stock')","stack":"TypeError: Cannot read properties of null (reading 'stock')\n    at file:///Users/federicotorres/Backend-course/backend-course-entrega-final/src/services/cart.service.js:131:50\n    at Array.forEach (<anonymous>)\n    at CartService.confirmPurchase (file:///Users/federicotorres/Backend-course/backend-course-entrega-final/src/services/cart.service.js:130:23)\n    at process.processTicksAndRejections (node:internal/process/task_queues:95:5)\n    at async CartController.confirmPurchase (file:///Users/federicotorres/Backend-course/backend-course-entrega-final/src/controllers/cart.controller.js:211:28)"}
{"level":"error","message":"Fallo al finalizar la compra. Error interno del servidor. Cannot read properties of null (reading 'stock')","stack":"TypeError: Cannot read properties of null (reading 'stock')\n    at file:///Users/federicotorres/Backend-course/backend-course-entrega-final/src/services/cart.service.js:131:50\n    at Array.forEach (<anonymous>)\n    at CartService.confirmPurchase (file:///Users/federicotorres/Backend-course/backend-course-entrega-final/src/services/cart.service.js:130:23)\n    at process.processTicksAndRejections (node:internal/process/task_queues:95:5)\n    at async CartController.confirmPurchase (file:///Users/federicotorres/Backend-course/backend-course-entrega-final/src/controllers/cart.controller.js:211:28)"}
{"level":"error","message":"Fallo al finalizar la compra. Error interno del servidor. Socket.io no está disponible en la solicitud","stack":"Error: Socket.io no está disponible en la solicitud\n    at CartController.confirmPurchase (file:///Users/federicotorres/Backend-course/backend-course-entrega-final/src/controllers/cart.controller.js:218:23)\n    at process.processTicksAndRejections (node:internal/process/task_queues:95:5)"}
{"level":"error","message":"Fallo al finalizar la compra. Error interno del servidor. Socket.io no está disponible en la solicitud","stack":"Error: Socket.io no está disponible en la solicitud\n    at CartController.confirmPurchase (file:///Users/federicotorres/Backend-course/backend-course-entrega-final/src/controllers/cart.controller.js:218:23)\n    at process.processTicksAndRejections (node:internal/process/task_queues:95:5)"}
{"level":"error","message":"Fallo al finalizar la compra. Error interno del servidor. Socket.io no está disponible en la solicitud","stack":"Error: Socket.io no está disponible en la solicitud\n    at CartController.confirmPurchase (file:///Users/federicotorres/Backend-course/backend-course-entrega-final/src/controllers/cart.controller.js:218:23)\n    at process.processTicksAndRejections (node:internal/process/task_queues:95:5)"}
{"level":"error","message":"Fallo al finalizar la compra. Error interno del servidor. Cannot read properties of null (reading 'stock')","stack":"TypeError: Cannot read properties of null (reading 'stock')\n    at file:///Users/federicotorres/Backend-course/backend-course-entrega-final/src/services/cart.service.js:131:50\n    at Array.forEach (<anonymous>)\n    at CartService.confirmPurchase (file:///Users/federicotorres/Backend-course/backend-course-entrega-final/src/services/cart.service.js:130:23)\n    at process.processTicksAndRejections (node:internal/process/task_queues:95:5)\n    at async CartController.confirmPurchase (file:///Users/federicotorres/Backend-course/backend-course-entrega-final/src/controllers/cart.controller.js:211:28)"}
{"level":"error","message":"Fallo al finalizar la compra. Error interno del servidor. Socket.io no está disponible en la solicitud","stack":"Error: Socket.io no está disponible en la solicitud\n    at CartController.confirmPurchase (file:///Users/federicotorres/Backend-course/backend-course-entrega-final/src/controllers/cart.controller.js:218:23)\n    at process.processTicksAndRejections (node:internal/process/task_queues:95:5)"}
